25-02-25.00:55:21.595 [main            ] INFO  RaffleOrderTest        - Starting RaffleOrderTest using Java 21.0.1 on LAPTOP-EPDR54BH with PID 40996 (started by Saber in D:\javacode\marketing_platform\big-market-ztf\big-market\big-market-app)
25-02-25.00:55:21.596 [main            ] INFO  RaffleOrderTest        - The following 1 profile is active: "dev"
25-02-25.00:55:22.752 [main            ] INFO  RepositoryConfigurationDelegate - Multiple Spring Data modules found, entering strict repository configuration mode
25-02-25.00:55:22.759 [main            ] INFO  RepositoryConfigurationDelegate - Bootstrapping Spring Data Redis repositories in DEFAULT mode.
25-02-25.00:55:22.808 [main            ] INFO  RepositoryConfigurationDelegate - Finished Spring Data repository scanning in 30 ms. Found 0 Redis repository interfaces.
25-02-25.00:55:24.598 [main            ] INFO  Version                - Redisson 3.26.0
25-02-25.00:55:24.992 [redisson-netty-1-4] INFO  ConnectionsHolder      - 1 connections initialized for 127.0.0.1/127.0.0.1:16379
25-02-25.00:55:25.013 [redisson-netty-1-13] INFO  ConnectionsHolder      - 5 connections initialized for 127.0.0.1/127.0.0.1:16379
25-02-25.00:55:25.242 [main            ] WARN  GenericWebApplicationContext - Exception encountered during context initialization - cancelling refresh attempt: org.springframework.beans.factory.BeanCreationException: Error creating bean with name 'updateActivitySkuStockJob': Injection of resource dependencies failed; nested exception is org.springframework.beans.factory.UnsatisfiedDependencyException: Error creating bean with name 'raffleActivityService' defined in file [D:\javacode\marketing_platform\big-market-ztf\big-market\big-market-domain\target\classes\com\ztf\domain\activity\service\RaffleActivityService.class]: Unsatisfied dependency expressed through constructor parameter 0; nested exception is org.springframework.beans.factory.BeanCreationException: Error creating bean with name 'activityRepository': Injection of resource dependencies failed; nested exception is org.springframework.beans.factory.NoSuchBeanDefinitionException: No qualifying bean of type 'com.ztf.domain.activity.event.ActivitySkuStockZeroMessageEvent' available: expected at least 1 bean which qualifies as autowire candidate. Dependency annotations: {@javax.annotation.Resource(shareable=true, lookup="", name="", description="", authenticationType=CONTAINER, type=java.lang.Object.class, mappedName="")}
25-02-25.00:55:25.288 [main            ] INFO  ConditionEvaluationReportLoggingListener - 

Error starting ApplicationContext. To display the conditions report re-run your application with 'debug' enabled.
25-02-25.00:55:25.323 [main            ] ERROR LoggingFailureAnalysisReporter - 

***************************
APPLICATION FAILED TO START
***************************

Description:

Parameter 0 of constructor in com.ztf.domain.activity.service.quota.RaffleActivityAccountQuotaService required a bean of type 'com.ztf.domain.activity.event.ActivitySkuStockZeroMessageEvent' that could not be found.


Action:

Consider defining a bean of type 'com.ztf.domain.activity.event.ActivitySkuStockZeroMessageEvent' in your configuration.

25-02-25.00:55:25.333 [main            ] ERROR TestContextManager     - Caught exception while allowing TestExecutionListener [org.springframework.test.context.web.ServletTestExecutionListener@7fd50002] to prepare test instance [com.ztf.test.domain.activity.RaffleOrderTest@3ea2f72e]
java.lang.IllegalStateException: Failed to load ApplicationContext
	at org.springframework.test.context.cache.DefaultCacheAwareContextLoaderDelegate.loadContext(DefaultCacheAwareContextLoaderDelegate.java:98)
	at org.springframework.test.context.support.DefaultTestContext.getApplicationContext(DefaultTestContext.java:124)
	at org.springframework.test.context.web.ServletTestExecutionListener.setUpRequestContextIfNecessary(ServletTestExecutionListener.java:190)
	at org.springframework.test.context.web.ServletTestExecutionListener.prepareTestInstance(ServletTestExecutionListener.java:132)
	at org.springframework.test.context.TestContextManager.prepareTestInstance(TestContextManager.java:248)
	at org.springframework.test.context.junit4.SpringJUnit4ClassRunner.createTest(SpringJUnit4ClassRunner.java:227)
	at org.springframework.test.context.junit4.SpringJUnit4ClassRunner$1.runReflectiveCall(SpringJUnit4ClassRunner.java:289)
	at org.junit.internal.runners.model.ReflectiveCallable.run(ReflectiveCallable.java:12)
	at org.springframework.test.context.junit4.SpringJUnit4ClassRunner.methodBlock(SpringJUnit4ClassRunner.java:291)
	at org.springframework.test.context.junit4.SpringJUnit4ClassRunner.runChild(SpringJUnit4ClassRunner.java:246)
	at org.springframework.test.context.junit4.SpringJUnit4ClassRunner.runChild(SpringJUnit4ClassRunner.java:97)
	at org.junit.runners.ParentRunner$4.run(ParentRunner.java:331)
	at org.junit.runners.ParentRunner$1.schedule(ParentRunner.java:79)
	at org.junit.runners.ParentRunner.runChildren(ParentRunner.java:329)
	at org.junit.runners.ParentRunner.access$100(ParentRunner.java:66)
	at org.junit.runners.ParentRunner$2.evaluate(ParentRunner.java:293)
	at org.springframework.test.context.junit4.statements.RunBeforeTestClassCallbacks.evaluate(RunBeforeTestClassCallbacks.java:61)
	at org.springframework.test.context.junit4.statements.RunAfterTestClassCallbacks.evaluate(RunAfterTestClassCallbacks.java:70)
	at org.junit.runners.ParentRunner$3.evaluate(ParentRunner.java:306)
	at org.junit.runners.ParentRunner.run(ParentRunner.java:413)
	at org.springframework.test.context.junit4.SpringJUnit4ClassRunner.run(SpringJUnit4ClassRunner.java:190)
	at org.junit.runner.JUnitCore.run(JUnitCore.java:137)
	at com.intellij.junit4.JUnit4IdeaTestRunner.startRunnerWithArgs(JUnit4IdeaTestRunner.java:69)
	at com.intellij.rt.junit.IdeaTestRunner$Repeater$1.execute(IdeaTestRunner.java:38)
	at com.intellij.rt.execution.junit.TestsRepeater.repeat(TestsRepeater.java:11)
	at com.intellij.rt.junit.IdeaTestRunner$Repeater.startRunnerWithArgs(IdeaTestRunner.java:35)
	at com.intellij.rt.junit.JUnitStarter.prepareStreamsAndStart(JUnitStarter.java:232)
	at com.intellij.rt.junit.JUnitStarter.main(JUnitStarter.java:55)
Caused by: org.springframework.beans.factory.BeanCreationException: Error creating bean with name 'updateActivitySkuStockJob': Injection of resource dependencies failed; nested exception is org.springframework.beans.factory.UnsatisfiedDependencyException: Error creating bean with name 'raffleActivityService' defined in file [D:\javacode\marketing_platform\big-market-ztf\big-market\big-market-domain\target\classes\com\ztf\domain\activity\service\RaffleActivityService.class]: Unsatisfied dependency expressed through constructor parameter 0; nested exception is org.springframework.beans.factory.BeanCreationException: Error creating bean with name 'activityRepository': Injection of resource dependencies failed; nested exception is org.springframework.beans.factory.NoSuchBeanDefinitionException: No qualifying bean of type 'com.ztf.domain.activity.event.ActivitySkuStockZeroMessageEvent' available: expected at least 1 bean which qualifies as autowire candidate. Dependency annotations: {@javax.annotation.Resource(shareable=true, lookup="", name="", description="", authenticationType=CONTAINER, type=java.lang.Object.class, mappedName="")}
	at org.springframework.context.annotation.CommonAnnotationBeanPostProcessor.postProcessProperties(CommonAnnotationBeanPostProcessor.java:332)
	at org.springframework.beans.factory.support.AbstractAutowireCapableBeanFactory.populateBean(AbstractAutowireCapableBeanFactory.java:1431)
	at org.springframework.beans.factory.support.AbstractAutowireCapableBeanFactory.doCreateBean(AbstractAutowireCapableBeanFactory.java:619)
	at org.springframework.beans.factory.support.AbstractAutowireCapableBeanFactory.createBean(AbstractAutowireCapableBeanFactory.java:542)
	at org.springframework.beans.factory.support.AbstractBeanFactory.lambda$doGetBean$0(AbstractBeanFactory.java:335)
	at org.springframework.beans.factory.support.DefaultSingletonBeanRegistry.getSingleton(DefaultSingletonBeanRegistry.java:234)
	at org.springframework.beans.factory.support.AbstractBeanFactory.doGetBean(AbstractBeanFactory.java:333)
	at org.springframework.beans.factory.support.AbstractBeanFactory.getBean(AbstractBeanFactory.java:208)
	at org.springframework.beans.factory.support.DefaultListableBeanFactory.preInstantiateSingletons(DefaultListableBeanFactory.java:955)
	at org.springframework.context.support.AbstractApplicationContext.finishBeanFactoryInitialization(AbstractApplicationContext.java:920)
	at org.springframework.context.support.AbstractApplicationContext.refresh(AbstractApplicationContext.java:583)
	at org.springframework.boot.SpringApplication.refresh(SpringApplication.java:731)
	at org.springframework.boot.SpringApplication.refreshContext(SpringApplication.java:408)
	at org.springframework.boot.SpringApplication.run(SpringApplication.java:307)
	at org.springframework.boot.test.context.SpringBootContextLoader.loadContext(SpringBootContextLoader.java:136)
	at org.springframework.test.context.cache.DefaultCacheAwareContextLoaderDelegate.loadContextInternal(DefaultCacheAwareContextLoaderDelegate.java:141)
	at org.springframework.test.context.cache.DefaultCacheAwareContextLoaderDelegate.loadContext(DefaultCacheAwareContextLoaderDelegate.java:90)
	... 27 common frames omitted
Caused by: org.springframework.beans.factory.UnsatisfiedDependencyException: Error creating bean with name 'raffleActivityService' defined in file [D:\javacode\marketing_platform\big-market-ztf\big-market\big-market-domain\target\classes\com\ztf\domain\activity\service\RaffleActivityService.class]: Unsatisfied dependency expressed through constructor parameter 0; nested exception is org.springframework.beans.factory.BeanCreationException: Error creating bean with name 'activityRepository': Injection of resource dependencies failed; nested exception is org.springframework.beans.factory.NoSuchBeanDefinitionException: No qualifying bean of type 'com.ztf.domain.activity.event.ActivitySkuStockZeroMessageEvent' available: expected at least 1 bean which qualifies as autowire candidate. Dependency annotations: {@javax.annotation.Resource(shareable=true, lookup="", name="", description="", authenticationType=CONTAINER, type=java.lang.Object.class, mappedName="")}
	at org.springframework.beans.factory.support.ConstructorResolver.createArgumentArray(ConstructorResolver.java:800)
	at org.springframework.beans.factory.support.ConstructorResolver.autowireConstructor(ConstructorResolver.java:229)
	at org.springframework.beans.factory.support.AbstractAutowireCapableBeanFactory.autowireConstructor(AbstractAutowireCapableBeanFactory.java:1372)
	at org.springframework.beans.factory.support.AbstractAutowireCapableBeanFactory.createBeanInstance(AbstractAutowireCapableBeanFactory.java:1222)
	at org.springframework.beans.factory.support.AbstractAutowireCapableBeanFactory.doCreateBean(AbstractAutowireCapableBeanFactory.java:582)
	at org.springframework.beans.factory.support.AbstractAutowireCapableBeanFactory.createBean(AbstractAutowireCapableBeanFactory.java:542)
	at org.springframework.beans.factory.support.AbstractBeanFactory.lambda$doGetBean$0(AbstractBeanFactory.java:335)
	at org.springframework.beans.factory.support.DefaultSingletonBeanRegistry.getSingleton(DefaultSingletonBeanRegistry.java:234)
	at org.springframework.beans.factory.support.AbstractBeanFactory.doGetBean(AbstractBeanFactory.java:333)
	at org.springframework.beans.factory.support.AbstractBeanFactory.getBean(AbstractBeanFactory.java:208)
	at org.springframework.beans.factory.config.DependencyDescriptor.resolveCandidate(DependencyDescriptor.java:276)
	at org.springframework.beans.factory.support.DefaultListableBeanFactory.doResolveDependency(DefaultListableBeanFactory.java:1391)
	at org.springframework.beans.factory.support.DefaultListableBeanFactory.resolveDependency(DefaultListableBeanFactory.java:1311)
	at org.springframework.context.annotation.CommonAnnotationBeanPostProcessor.autowireResource(CommonAnnotationBeanPostProcessor.java:544)
	at org.springframework.context.annotation.CommonAnnotationBeanPostProcessor.getResource(CommonAnnotationBeanPostProcessor.java:520)
	at org.springframework.context.annotation.CommonAnnotationBeanPostProcessor$ResourceElement.getResourceToInject(CommonAnnotationBeanPostProcessor.java:673)
	at org.springframework.beans.factory.annotation.InjectionMetadata$InjectedElement.inject(InjectionMetadata.java:228)
	at org.springframework.beans.factory.annotation.InjectionMetadata.inject(InjectionMetadata.java:119)
	at org.springframework.context.annotation.CommonAnnotationBeanPostProcessor.postProcessProperties(CommonAnnotationBeanPostProcessor.java:329)
	... 43 common frames omitted
Caused by: org.springframework.beans.factory.BeanCreationException: Error creating bean with name 'activityRepository': Injection of resource dependencies failed; nested exception is org.springframework.beans.factory.NoSuchBeanDefinitionException: No qualifying bean of type 'com.ztf.domain.activity.event.ActivitySkuStockZeroMessageEvent' available: expected at least 1 bean which qualifies as autowire candidate. Dependency annotations: {@javax.annotation.Resource(shareable=true, lookup="", name="", description="", authenticationType=CONTAINER, type=java.lang.Object.class, mappedName="")}
	at org.springframework.context.annotation.CommonAnnotationBeanPostProcessor.postProcessProperties(CommonAnnotationBeanPostProcessor.java:332)
	at org.springframework.beans.factory.support.AbstractAutowireCapableBeanFactory.populateBean(AbstractAutowireCapableBeanFactory.java:1431)
	at org.springframework.beans.factory.support.AbstractAutowireCapableBeanFactory.doCreateBean(AbstractAutowireCapableBeanFactory.java:619)
	at org.springframework.beans.factory.support.AbstractAutowireCapableBeanFactory.createBean(AbstractAutowireCapableBeanFactory.java:542)
	at org.springframework.beans.factory.support.AbstractBeanFactory.lambda$doGetBean$0(AbstractBeanFactory.java:335)
	at org.springframework.beans.factory.support.DefaultSingletonBeanRegistry.getSingleton(DefaultSingletonBeanRegistry.java:234)
	at org.springframework.beans.factory.support.AbstractBeanFactory.doGetBean(AbstractBeanFactory.java:333)
	at org.springframework.beans.factory.support.AbstractBeanFactory.getBean(AbstractBeanFactory.java:208)
	at org.springframework.beans.factory.config.DependencyDescriptor.resolveCandidate(DependencyDescriptor.java:276)
	at org.springframework.beans.factory.support.DefaultListableBeanFactory.doResolveDependency(DefaultListableBeanFactory.java:1391)
	at org.springframework.beans.factory.support.DefaultListableBeanFactory.resolveDependency(DefaultListableBeanFactory.java:1311)
	at org.springframework.beans.factory.support.ConstructorResolver.resolveAutowiredArgument(ConstructorResolver.java:887)
	at org.springframework.beans.factory.support.ConstructorResolver.createArgumentArray(ConstructorResolver.java:791)
	... 61 common frames omitted
Caused by: org.springframework.beans.factory.NoSuchBeanDefinitionException: No qualifying bean of type 'com.ztf.domain.activity.event.ActivitySkuStockZeroMessageEvent' available: expected at least 1 bean which qualifies as autowire candidate. Dependency annotations: {@javax.annotation.Resource(shareable=true, lookup="", name="", description="", authenticationType=CONTAINER, type=java.lang.Object.class, mappedName="")}
	at org.springframework.beans.factory.support.DefaultListableBeanFactory.raiseNoMatchingBeanFound(DefaultListableBeanFactory.java:1801)
	at org.springframework.beans.factory.support.DefaultListableBeanFactory.doResolveDependency(DefaultListableBeanFactory.java:1357)
	at org.springframework.beans.factory.support.DefaultListableBeanFactory.resolveDependency(DefaultListableBeanFactory.java:1311)
	at org.springframework.context.annotation.CommonAnnotationBeanPostProcessor.autowireResource(CommonAnnotationBeanPostProcessor.java:544)
	at org.springframework.context.annotation.CommonAnnotationBeanPostProcessor.getResource(CommonAnnotationBeanPostProcessor.java:520)
	at org.springframework.context.annotation.CommonAnnotationBeanPostProcessor$ResourceElement.getResourceToInject(CommonAnnotationBeanPostProcessor.java:673)
	at org.springframework.beans.factory.annotation.InjectionMetadata$InjectedElement.inject(InjectionMetadata.java:228)
	at org.springframework.beans.factory.annotation.InjectionMetadata.inject(InjectionMetadata.java:119)
	at org.springframework.context.annotation.CommonAnnotationBeanPostProcessor.postProcessProperties(CommonAnnotationBeanPostProcessor.java:329)
	... 73 common frames omitted
25-02-25.00:56:40.266 [main            ] INFO  RaffleOrderTest        - Starting RaffleOrderTest using Java 21.0.1 on LAPTOP-EPDR54BH with PID 18000 (started by Saber in D:\javacode\marketing_platform\big-market-ztf\big-market\big-market-app)
25-02-25.00:56:40.267 [main            ] INFO  RaffleOrderTest        - The following 1 profile is active: "dev"
25-02-25.00:56:41.441 [main            ] INFO  RepositoryConfigurationDelegate - Multiple Spring Data modules found, entering strict repository configuration mode
25-02-25.00:56:41.444 [main            ] INFO  RepositoryConfigurationDelegate - Bootstrapping Spring Data Redis repositories in DEFAULT mode.
25-02-25.00:56:41.489 [main            ] INFO  RepositoryConfigurationDelegate - Finished Spring Data repository scanning in 28 ms. Found 0 Redis repository interfaces.
25-02-25.00:56:43.080 [main            ] INFO  Version                - Redisson 3.26.0
25-02-25.00:56:43.491 [redisson-netty-1-4] INFO  ConnectionsHolder      - 1 connections initialized for 127.0.0.1/127.0.0.1:16379
25-02-25.00:56:43.528 [redisson-netty-1-13] INFO  ConnectionsHolder      - 5 connections initialized for 127.0.0.1/127.0.0.1:16379
25-02-25.00:56:44.842 [main            ] WARN  GenericWebApplicationContext - Exception encountered during context initialization - cancelling refresh attempt: org.springframework.beans.factory.BeanCreationException: Error creating bean with name 'updateActivitySkuStockJob': Injection of resource dependencies failed; nested exception is org.springframework.beans.factory.UnsatisfiedDependencyException: Error creating bean with name 'raffleActivityService' defined in file [D:\javacode\marketing_platform\big-market-ztf\big-market\big-market-domain\target\classes\com\ztf\domain\activity\service\RaffleActivityService.class]: Unsatisfied dependency expressed through constructor parameter 1; nested exception is org.springframework.beans.factory.UnsatisfiedDependencyException: Error creating bean with name 'defaultActivityChainFactory' defined in file [D:\javacode\marketing_platform\big-market-ztf\big-market\big-market-domain\target\classes\com\ztf\domain\activity\service\rule\factory\DefaultActivityChainFactory.class]: Unsatisfied dependency expressed through constructor parameter 0; nested exception is org.springframework.beans.factory.BeanCreationException: Error creating bean with name 'activity_sku_stock_action': Injection of resource dependencies failed; nested exception is org.springframework.beans.factory.NoSuchBeanDefinitionException: No qualifying bean of type 'com.ztf.domain.activity.service.armory.IActivityDispatch' available: expected at least 1 bean which qualifies as autowire candidate. Dependency annotations: {@javax.annotation.Resource(shareable=true, lookup="", name="", description="", authenticationType=CONTAINER, type=java.lang.Object.class, mappedName="")}
25-02-25.00:56:44.923 [main            ] INFO  ConditionEvaluationReportLoggingListener - 

Error starting ApplicationContext. To display the conditions report re-run your application with 'debug' enabled.
25-02-25.00:56:44.989 [main            ] ERROR LoggingFailureAnalysisReporter - 

***************************
APPLICATION FAILED TO START
***************************

Description:

Parameter 0 of constructor in com.ztf.domain.activity.service.rule.factory.DefaultActivityChainFactory required a bean of type 'com.ztf.domain.activity.service.armory.IActivityDispatch' that could not be found.


Action:

Consider defining a bean of type 'com.ztf.domain.activity.service.armory.IActivityDispatch' in your configuration.

25-02-25.00:56:44.998 [main            ] ERROR TestContextManager     - Caught exception while allowing TestExecutionListener [org.springframework.test.context.web.ServletTestExecutionListener@7fd50002] to prepare test instance [com.ztf.test.domain.activity.RaffleOrderTest@dbda472]
java.lang.IllegalStateException: Failed to load ApplicationContext
	at org.springframework.test.context.cache.DefaultCacheAwareContextLoaderDelegate.loadContext(DefaultCacheAwareContextLoaderDelegate.java:98)
	at org.springframework.test.context.support.DefaultTestContext.getApplicationContext(DefaultTestContext.java:124)
	at org.springframework.test.context.web.ServletTestExecutionListener.setUpRequestContextIfNecessary(ServletTestExecutionListener.java:190)
	at org.springframework.test.context.web.ServletTestExecutionListener.prepareTestInstance(ServletTestExecutionListener.java:132)
	at org.springframework.test.context.TestContextManager.prepareTestInstance(TestContextManager.java:248)
	at org.springframework.test.context.junit4.SpringJUnit4ClassRunner.createTest(SpringJUnit4ClassRunner.java:227)
	at org.springframework.test.context.junit4.SpringJUnit4ClassRunner$1.runReflectiveCall(SpringJUnit4ClassRunner.java:289)
	at org.junit.internal.runners.model.ReflectiveCallable.run(ReflectiveCallable.java:12)
	at org.springframework.test.context.junit4.SpringJUnit4ClassRunner.methodBlock(SpringJUnit4ClassRunner.java:291)
	at org.springframework.test.context.junit4.SpringJUnit4ClassRunner.runChild(SpringJUnit4ClassRunner.java:246)
	at org.springframework.test.context.junit4.SpringJUnit4ClassRunner.runChild(SpringJUnit4ClassRunner.java:97)
	at org.junit.runners.ParentRunner$4.run(ParentRunner.java:331)
	at org.junit.runners.ParentRunner$1.schedule(ParentRunner.java:79)
	at org.junit.runners.ParentRunner.runChildren(ParentRunner.java:329)
	at org.junit.runners.ParentRunner.access$100(ParentRunner.java:66)
	at org.junit.runners.ParentRunner$2.evaluate(ParentRunner.java:293)
	at org.springframework.test.context.junit4.statements.RunBeforeTestClassCallbacks.evaluate(RunBeforeTestClassCallbacks.java:61)
	at org.springframework.test.context.junit4.statements.RunAfterTestClassCallbacks.evaluate(RunAfterTestClassCallbacks.java:70)
	at org.junit.runners.ParentRunner$3.evaluate(ParentRunner.java:306)
	at org.junit.runners.ParentRunner.run(ParentRunner.java:413)
	at org.springframework.test.context.junit4.SpringJUnit4ClassRunner.run(SpringJUnit4ClassRunner.java:190)
	at org.junit.runner.JUnitCore.run(JUnitCore.java:137)
	at com.intellij.junit4.JUnit4IdeaTestRunner.startRunnerWithArgs(JUnit4IdeaTestRunner.java:69)
	at com.intellij.rt.junit.IdeaTestRunner$Repeater$1.execute(IdeaTestRunner.java:38)
	at com.intellij.rt.execution.junit.TestsRepeater.repeat(TestsRepeater.java:11)
	at com.intellij.rt.junit.IdeaTestRunner$Repeater.startRunnerWithArgs(IdeaTestRunner.java:35)
	at com.intellij.rt.junit.JUnitStarter.prepareStreamsAndStart(JUnitStarter.java:232)
	at com.intellij.rt.junit.JUnitStarter.main(JUnitStarter.java:55)
Caused by: org.springframework.beans.factory.BeanCreationException: Error creating bean with name 'updateActivitySkuStockJob': Injection of resource dependencies failed; nested exception is org.springframework.beans.factory.UnsatisfiedDependencyException: Error creating bean with name 'raffleActivityService' defined in file [D:\javacode\marketing_platform\big-market-ztf\big-market\big-market-domain\target\classes\com\ztf\domain\activity\service\RaffleActivityService.class]: Unsatisfied dependency expressed through constructor parameter 1; nested exception is org.springframework.beans.factory.UnsatisfiedDependencyException: Error creating bean with name 'defaultActivityChainFactory' defined in file [D:\javacode\marketing_platform\big-market-ztf\big-market\big-market-domain\target\classes\com\ztf\domain\activity\service\rule\factory\DefaultActivityChainFactory.class]: Unsatisfied dependency expressed through constructor parameter 0; nested exception is org.springframework.beans.factory.BeanCreationException: Error creating bean with name 'activity_sku_stock_action': Injection of resource dependencies failed; nested exception is org.springframework.beans.factory.NoSuchBeanDefinitionException: No qualifying bean of type 'com.ztf.domain.activity.service.armory.IActivityDispatch' available: expected at least 1 bean which qualifies as autowire candidate. Dependency annotations: {@javax.annotation.Resource(shareable=true, lookup="", name="", description="", authenticationType=CONTAINER, type=java.lang.Object.class, mappedName="")}
	at org.springframework.context.annotation.CommonAnnotationBeanPostProcessor.postProcessProperties(CommonAnnotationBeanPostProcessor.java:332)
	at org.springframework.beans.factory.support.AbstractAutowireCapableBeanFactory.populateBean(AbstractAutowireCapableBeanFactory.java:1431)
	at org.springframework.beans.factory.support.AbstractAutowireCapableBeanFactory.doCreateBean(AbstractAutowireCapableBeanFactory.java:619)
	at org.springframework.beans.factory.support.AbstractAutowireCapableBeanFactory.createBean(AbstractAutowireCapableBeanFactory.java:542)
	at org.springframework.beans.factory.support.AbstractBeanFactory.lambda$doGetBean$0(AbstractBeanFactory.java:335)
	at org.springframework.beans.factory.support.DefaultSingletonBeanRegistry.getSingleton(DefaultSingletonBeanRegistry.java:234)
	at org.springframework.beans.factory.support.AbstractBeanFactory.doGetBean(AbstractBeanFactory.java:333)
	at org.springframework.beans.factory.support.AbstractBeanFactory.getBean(AbstractBeanFactory.java:208)
	at org.springframework.beans.factory.support.DefaultListableBeanFactory.preInstantiateSingletons(DefaultListableBeanFactory.java:955)
	at org.springframework.context.support.AbstractApplicationContext.finishBeanFactoryInitialization(AbstractApplicationContext.java:920)
	at org.springframework.context.support.AbstractApplicationContext.refresh(AbstractApplicationContext.java:583)
	at org.springframework.boot.SpringApplication.refresh(SpringApplication.java:731)
	at org.springframework.boot.SpringApplication.refreshContext(SpringApplication.java:408)
	at org.springframework.boot.SpringApplication.run(SpringApplication.java:307)
	at org.springframework.boot.test.context.SpringBootContextLoader.loadContext(SpringBootContextLoader.java:136)
	at org.springframework.test.context.cache.DefaultCacheAwareContextLoaderDelegate.loadContextInternal(DefaultCacheAwareContextLoaderDelegate.java:141)
	at org.springframework.test.context.cache.DefaultCacheAwareContextLoaderDelegate.loadContext(DefaultCacheAwareContextLoaderDelegate.java:90)
	... 27 common frames omitted
Caused by: org.springframework.beans.factory.UnsatisfiedDependencyException: Error creating bean with name 'raffleActivityService' defined in file [D:\javacode\marketing_platform\big-market-ztf\big-market\big-market-domain\target\classes\com\ztf\domain\activity\service\RaffleActivityService.class]: Unsatisfied dependency expressed through constructor parameter 1; nested exception is org.springframework.beans.factory.UnsatisfiedDependencyException: Error creating bean with name 'defaultActivityChainFactory' defined in file [D:\javacode\marketing_platform\big-market-ztf\big-market\big-market-domain\target\classes\com\ztf\domain\activity\service\rule\factory\DefaultActivityChainFactory.class]: Unsatisfied dependency expressed through constructor parameter 0; nested exception is org.springframework.beans.factory.BeanCreationException: Error creating bean with name 'activity_sku_stock_action': Injection of resource dependencies failed; nested exception is org.springframework.beans.factory.NoSuchBeanDefinitionException: No qualifying bean of type 'com.ztf.domain.activity.service.armory.IActivityDispatch' available: expected at least 1 bean which qualifies as autowire candidate. Dependency annotations: {@javax.annotation.Resource(shareable=true, lookup="", name="", description="", authenticationType=CONTAINER, type=java.lang.Object.class, mappedName="")}
	at org.springframework.beans.factory.support.ConstructorResolver.createArgumentArray(ConstructorResolver.java:800)
	at org.springframework.beans.factory.support.ConstructorResolver.autowireConstructor(ConstructorResolver.java:229)
	at org.springframework.beans.factory.support.AbstractAutowireCapableBeanFactory.autowireConstructor(AbstractAutowireCapableBeanFactory.java:1372)
	at org.springframework.beans.factory.support.AbstractAutowireCapableBeanFactory.createBeanInstance(AbstractAutowireCapableBeanFactory.java:1222)
	at org.springframework.beans.factory.support.AbstractAutowireCapableBeanFactory.doCreateBean(AbstractAutowireCapableBeanFactory.java:582)
	at org.springframework.beans.factory.support.AbstractAutowireCapableBeanFactory.createBean(AbstractAutowireCapableBeanFactory.java:542)
	at org.springframework.beans.factory.support.AbstractBeanFactory.lambda$doGetBean$0(AbstractBeanFactory.java:335)
	at org.springframework.beans.factory.support.DefaultSingletonBeanRegistry.getSingleton(DefaultSingletonBeanRegistry.java:234)
	at org.springframework.beans.factory.support.AbstractBeanFactory.doGetBean(AbstractBeanFactory.java:333)
	at org.springframework.beans.factory.support.AbstractBeanFactory.getBean(AbstractBeanFactory.java:208)
	at org.springframework.beans.factory.config.DependencyDescriptor.resolveCandidate(DependencyDescriptor.java:276)
	at org.springframework.beans.factory.support.DefaultListableBeanFactory.doResolveDependency(DefaultListableBeanFactory.java:1391)
	at org.springframework.beans.factory.support.DefaultListableBeanFactory.resolveDependency(DefaultListableBeanFactory.java:1311)
	at org.springframework.context.annotation.CommonAnnotationBeanPostProcessor.autowireResource(CommonAnnotationBeanPostProcessor.java:544)
	at org.springframework.context.annotation.CommonAnnotationBeanPostProcessor.getResource(CommonAnnotationBeanPostProcessor.java:520)
	at org.springframework.context.annotation.CommonAnnotationBeanPostProcessor$ResourceElement.getResourceToInject(CommonAnnotationBeanPostProcessor.java:673)
	at org.springframework.beans.factory.annotation.InjectionMetadata$InjectedElement.inject(InjectionMetadata.java:228)
	at org.springframework.beans.factory.annotation.InjectionMetadata.inject(InjectionMetadata.java:119)
	at org.springframework.context.annotation.CommonAnnotationBeanPostProcessor.postProcessProperties(CommonAnnotationBeanPostProcessor.java:329)
	... 43 common frames omitted
Caused by: org.springframework.beans.factory.UnsatisfiedDependencyException: Error creating bean with name 'defaultActivityChainFactory' defined in file [D:\javacode\marketing_platform\big-market-ztf\big-market\big-market-domain\target\classes\com\ztf\domain\activity\service\rule\factory\DefaultActivityChainFactory.class]: Unsatisfied dependency expressed through constructor parameter 0; nested exception is org.springframework.beans.factory.BeanCreationException: Error creating bean with name 'activity_sku_stock_action': Injection of resource dependencies failed; nested exception is org.springframework.beans.factory.NoSuchBeanDefinitionException: No qualifying bean of type 'com.ztf.domain.activity.service.armory.IActivityDispatch' available: expected at least 1 bean which qualifies as autowire candidate. Dependency annotations: {@javax.annotation.Resource(shareable=true, lookup="", name="", description="", authenticationType=CONTAINER, type=java.lang.Object.class, mappedName="")}
	at org.springframework.beans.factory.support.ConstructorResolver.createArgumentArray(ConstructorResolver.java:800)
	at org.springframework.beans.factory.support.ConstructorResolver.autowireConstructor(ConstructorResolver.java:229)
	at org.springframework.beans.factory.support.AbstractAutowireCapableBeanFactory.autowireConstructor(AbstractAutowireCapableBeanFactory.java:1372)
	at org.springframework.beans.factory.support.AbstractAutowireCapableBeanFactory.createBeanInstance(AbstractAutowireCapableBeanFactory.java:1222)
	at org.springframework.beans.factory.support.AbstractAutowireCapableBeanFactory.doCreateBean(AbstractAutowireCapableBeanFactory.java:582)
	at org.springframework.beans.factory.support.AbstractAutowireCapableBeanFactory.createBean(AbstractAutowireCapableBeanFactory.java:542)
	at org.springframework.beans.factory.support.AbstractBeanFactory.lambda$doGetBean$0(AbstractBeanFactory.java:335)
	at org.springframework.beans.factory.support.DefaultSingletonBeanRegistry.getSingleton(DefaultSingletonBeanRegistry.java:234)
	at org.springframework.beans.factory.support.AbstractBeanFactory.doGetBean(AbstractBeanFactory.java:333)
	at org.springframework.beans.factory.support.AbstractBeanFactory.getBean(AbstractBeanFactory.java:208)
	at org.springframework.beans.factory.config.DependencyDescriptor.resolveCandidate(DependencyDescriptor.java:276)
	at org.springframework.beans.factory.support.DefaultListableBeanFactory.doResolveDependency(DefaultListableBeanFactory.java:1391)
	at org.springframework.beans.factory.support.DefaultListableBeanFactory.resolveDependency(DefaultListableBeanFactory.java:1311)
	at org.springframework.beans.factory.support.ConstructorResolver.resolveAutowiredArgument(ConstructorResolver.java:887)
	at org.springframework.beans.factory.support.ConstructorResolver.createArgumentArray(ConstructorResolver.java:791)
	... 61 common frames omitted
Caused by: org.springframework.beans.factory.BeanCreationException: Error creating bean with name 'activity_sku_stock_action': Injection of resource dependencies failed; nested exception is org.springframework.beans.factory.NoSuchBeanDefinitionException: No qualifying bean of type 'com.ztf.domain.activity.service.armory.IActivityDispatch' available: expected at least 1 bean which qualifies as autowire candidate. Dependency annotations: {@javax.annotation.Resource(shareable=true, lookup="", name="", description="", authenticationType=CONTAINER, type=java.lang.Object.class, mappedName="")}
	at org.springframework.context.annotation.CommonAnnotationBeanPostProcessor.postProcessProperties(CommonAnnotationBeanPostProcessor.java:332)
	at org.springframework.beans.factory.support.AbstractAutowireCapableBeanFactory.populateBean(AbstractAutowireCapableBeanFactory.java:1431)
	at org.springframework.beans.factory.support.AbstractAutowireCapableBeanFactory.doCreateBean(AbstractAutowireCapableBeanFactory.java:619)
	at org.springframework.beans.factory.support.AbstractAutowireCapableBeanFactory.createBean(AbstractAutowireCapableBeanFactory.java:542)
	at org.springframework.beans.factory.support.AbstractBeanFactory.lambda$doGetBean$0(AbstractBeanFactory.java:335)
	at org.springframework.beans.factory.support.DefaultSingletonBeanRegistry.getSingleton(DefaultSingletonBeanRegistry.java:234)
	at org.springframework.beans.factory.support.AbstractBeanFactory.doGetBean(AbstractBeanFactory.java:333)
	at org.springframework.beans.factory.support.AbstractBeanFactory.getBean(AbstractBeanFactory.java:208)
	at org.springframework.beans.factory.config.DependencyDescriptor.resolveCandidate(DependencyDescriptor.java:276)
	at org.springframework.beans.factory.support.DefaultListableBeanFactory.addCandidateEntry(DefaultListableBeanFactory.java:1609)
	at org.springframework.beans.factory.support.DefaultListableBeanFactory.findAutowireCandidates(DefaultListableBeanFactory.java:1573)
	at org.springframework.beans.factory.support.DefaultListableBeanFactory.resolveMultipleBeans(DefaultListableBeanFactory.java:1492)
	at org.springframework.beans.factory.support.DefaultListableBeanFactory.doResolveDependency(DefaultListableBeanFactory.java:1349)
	at org.springframework.beans.factory.support.DefaultListableBeanFactory.resolveDependency(DefaultListableBeanFactory.java:1311)
	at org.springframework.beans.factory.support.ConstructorResolver.resolveAutowiredArgument(ConstructorResolver.java:887)
	at org.springframework.beans.factory.support.ConstructorResolver.createArgumentArray(ConstructorResolver.java:791)
	... 75 common frames omitted
Caused by: org.springframework.beans.factory.NoSuchBeanDefinitionException: No qualifying bean of type 'com.ztf.domain.activity.service.armory.IActivityDispatch' available: expected at least 1 bean which qualifies as autowire candidate. Dependency annotations: {@javax.annotation.Resource(shareable=true, lookup="", name="", description="", authenticationType=CONTAINER, type=java.lang.Object.class, mappedName="")}
	at org.springframework.beans.factory.support.DefaultListableBeanFactory.raiseNoMatchingBeanFound(DefaultListableBeanFactory.java:1801)
	at org.springframework.beans.factory.support.DefaultListableBeanFactory.doResolveDependency(DefaultListableBeanFactory.java:1357)
	at org.springframework.beans.factory.support.DefaultListableBeanFactory.resolveDependency(DefaultListableBeanFactory.java:1311)
	at org.springframework.context.annotation.CommonAnnotationBeanPostProcessor.autowireResource(CommonAnnotationBeanPostProcessor.java:544)
	at org.springframework.context.annotation.CommonAnnotationBeanPostProcessor.getResource(CommonAnnotationBeanPostProcessor.java:520)
	at org.springframework.context.annotation.CommonAnnotationBeanPostProcessor$ResourceElement.getResourceToInject(CommonAnnotationBeanPostProcessor.java:673)
	at org.springframework.beans.factory.annotation.InjectionMetadata$InjectedElement.inject(InjectionMetadata.java:228)
	at org.springframework.beans.factory.annotation.InjectionMetadata.inject(InjectionMetadata.java:119)
	at org.springframework.context.annotation.CommonAnnotationBeanPostProcessor.postProcessProperties(CommonAnnotationBeanPostProcessor.java:329)
	... 90 common frames omitted
25-02-25.00:57:25.307 [main            ] INFO  RaffleOrderTest        - Starting RaffleOrderTest using Java 21.0.1 on LAPTOP-EPDR54BH with PID 21752 (started by Saber in D:\javacode\marketing_platform\big-market-ztf\big-market\big-market-app)
25-02-25.00:57:25.308 [main            ] INFO  RaffleOrderTest        - The following 1 profile is active: "dev"
25-02-25.00:57:26.385 [main            ] INFO  RepositoryConfigurationDelegate - Multiple Spring Data modules found, entering strict repository configuration mode
25-02-25.00:57:26.389 [main            ] INFO  RepositoryConfigurationDelegate - Bootstrapping Spring Data Redis repositories in DEFAULT mode.
25-02-25.00:57:26.433 [main            ] INFO  RepositoryConfigurationDelegate - Finished Spring Data repository scanning in 32 ms. Found 0 Redis repository interfaces.
25-02-25.00:57:28.125 [main            ] INFO  Version                - Redisson 3.26.0
25-02-25.00:57:28.611 [redisson-netty-1-4] INFO  ConnectionsHolder      - 1 connections initialized for 127.0.0.1/127.0.0.1:16379
25-02-25.00:57:28.635 [redisson-netty-1-13] INFO  ConnectionsHolder      - 5 connections initialized for 127.0.0.1/127.0.0.1:16379
25-02-25.00:57:32.775 [main            ] INFO  EndpointLinksResolver  - Exposing 1 endpoint(s) beneath base path '/actuator'
25-02-25.00:57:33.026 [main            ] INFO  CachingConnectionFactory - Attempting to connect to: [127.0.0.1:5672]
25-02-25.00:57:33.298 [main            ] INFO  CachingConnectionFactory - Created new connection: rabbitConnectionFactory#76d1f6ea:0/SimpleConnection@7ca0b05e [delegate=amqp://admin@127.0.0.1:5672/, localPort= 51694]
25-02-25.00:57:33.596 [main            ] INFO  RaffleOrderTest        - Started RaffleOrderTest in 8.801 seconds (JVM running for 9.724)
25-02-25.00:57:34.498 [main            ] INFO  HikariDataSource       - Retail_HikariCP - Starting...
25-02-25.00:57:35.006 [scheduling-1    ] INFO  UpdateAwardStockJob    - 定时任务，更新奖品消耗库存【延迟队列获取，降低对数据库的更新频次，不要产生竞争】
25-02-25.00:57:35.074 [scheduling-1    ] INFO  UpdateActivitySkuStockJob - 定时任务，更新活动sku库存【延迟队列获取，降低对数据库的更新频次，不要产生竞争】
25-02-25.00:57:35.094 [main            ] INFO  HikariDataSource       - Retail_HikariCP - Start completed.
25-02-25.00:57:35.627 [main            ] INFO  RaffleOrderTest        - 装配活动：true
25-02-25.00:57:35.660 [main            ] INFO  ActionBaseActionChain  - 活动责任链-基础信息【有效期、状态】校验开始。
25-02-25.00:57:35.662 [main            ] WARN  RaffleOrderTest        - 活动未开启（非open状态）
25-02-25.00:57:35.678 [main            ] INFO  ActionBaseActionChain  - 活动责任链-基础信息【有效期、状态】校验开始。
25-02-25.00:57:35.678 [main            ] WARN  RaffleOrderTest        - 活动未开启（非open状态）
25-02-25.00:57:35.695 [main            ] INFO  ActionBaseActionChain  - 活动责任链-基础信息【有效期、状态】校验开始。
25-02-25.00:57:35.696 [main            ] WARN  RaffleOrderTest        - 活动未开启（非open状态）
25-02-25.00:57:35.712 [main            ] INFO  ActionBaseActionChain  - 活动责任链-基础信息【有效期、状态】校验开始。
25-02-25.00:57:35.713 [main            ] WARN  RaffleOrderTest        - 活动未开启（非open状态）
25-02-25.00:57:35.727 [main            ] INFO  ActionBaseActionChain  - 活动责任链-基础信息【有效期、状态】校验开始。
25-02-25.00:57:35.727 [main            ] WARN  RaffleOrderTest        - 活动未开启（非open状态）
25-02-25.00:57:35.742 [main            ] INFO  ActionBaseActionChain  - 活动责任链-基础信息【有效期、状态】校验开始。
25-02-25.00:57:35.743 [main            ] WARN  RaffleOrderTest        - 活动未开启（非open状态）
25-02-25.00:57:35.757 [main            ] INFO  ActionBaseActionChain  - 活动责任链-基础信息【有效期、状态】校验开始。
25-02-25.00:57:35.758 [main            ] WARN  RaffleOrderTest        - 活动未开启（非open状态）
25-02-25.00:57:35.772 [main            ] INFO  ActionBaseActionChain  - 活动责任链-基础信息【有效期、状态】校验开始。
25-02-25.00:57:35.773 [main            ] WARN  RaffleOrderTest        - 活动未开启（非open状态）
25-02-25.00:57:35.790 [main            ] INFO  ActionBaseActionChain  - 活动责任链-基础信息【有效期、状态】校验开始。
25-02-25.00:57:35.791 [main            ] WARN  RaffleOrderTest        - 活动未开启（非open状态）
25-02-25.00:57:35.809 [main            ] INFO  ActionBaseActionChain  - 活动责任链-基础信息【有效期、状态】校验开始。
25-02-25.00:57:35.810 [main            ] WARN  RaffleOrderTest        - 活动未开启（非open状态）
25-02-25.00:57:35.827 [main            ] INFO  ActionBaseActionChain  - 活动责任链-基础信息【有效期、状态】校验开始。
25-02-25.00:57:35.828 [main            ] WARN  RaffleOrderTest        - 活动未开启（非open状态）
25-02-25.00:57:35.841 [main            ] INFO  ActionBaseActionChain  - 活动责任链-基础信息【有效期、状态】校验开始。
25-02-25.00:57:35.842 [main            ] WARN  RaffleOrderTest        - 活动未开启（非open状态）
25-02-25.00:57:35.854 [main            ] INFO  ActionBaseActionChain  - 活动责任链-基础信息【有效期、状态】校验开始。
25-02-25.00:57:35.854 [main            ] WARN  RaffleOrderTest        - 活动未开启（非open状态）
25-02-25.00:57:35.862 [main            ] INFO  ActionBaseActionChain  - 活动责任链-基础信息【有效期、状态】校验开始。
25-02-25.00:57:35.862 [main            ] WARN  RaffleOrderTest        - 活动未开启（非open状态）
25-02-25.00:57:35.870 [main            ] INFO  ActionBaseActionChain  - 活动责任链-基础信息【有效期、状态】校验开始。
25-02-25.00:57:35.870 [main            ] WARN  RaffleOrderTest        - 活动未开启（非open状态）
25-02-25.00:57:35.877 [main            ] INFO  ActionBaseActionChain  - 活动责任链-基础信息【有效期、状态】校验开始。
25-02-25.00:57:35.877 [main            ] WARN  RaffleOrderTest        - 活动未开启（非open状态）
25-02-25.00:57:35.886 [main            ] INFO  ActionBaseActionChain  - 活动责任链-基础信息【有效期、状态】校验开始。
25-02-25.00:57:35.886 [main            ] WARN  RaffleOrderTest        - 活动未开启（非open状态）
25-02-25.00:57:35.895 [main            ] INFO  ActionBaseActionChain  - 活动责任链-基础信息【有效期、状态】校验开始。
25-02-25.00:57:35.895 [main            ] WARN  RaffleOrderTest        - 活动未开启（非open状态）
25-02-25.00:57:35.904 [main            ] INFO  ActionBaseActionChain  - 活动责任链-基础信息【有效期、状态】校验开始。
25-02-25.00:57:35.904 [main            ] WARN  RaffleOrderTest        - 活动未开启（非open状态）
25-02-25.00:57:35.912 [main            ] INFO  ActionBaseActionChain  - 活动责任链-基础信息【有效期、状态】校验开始。
25-02-25.00:57:35.912 [main            ] WARN  RaffleOrderTest        - 活动未开启（非open状态）
25-02-25.00:57:40.000 [scheduling-1    ] INFO  UpdateActivitySkuStockJob - 定时任务，更新活动sku库存【延迟队列获取，降低对数据库的更新频次，不要产生竞争】
25-02-25.00:57:40.003 [scheduling-1    ] INFO  UpdateAwardStockJob    - 定时任务，更新奖品消耗库存【延迟队列获取，降低对数据库的更新频次，不要产生竞争】
25-02-25.00:57:45.002 [scheduling-1    ] INFO  UpdateActivitySkuStockJob - 定时任务，更新活动sku库存【延迟队列获取，降低对数据库的更新频次，不要产生竞争】
25-02-25.00:57:45.006 [scheduling-1    ] INFO  UpdateAwardStockJob    - 定时任务，更新奖品消耗库存【延迟队列获取，降低对数据库的更新频次，不要产生竞争】
25-02-25.00:57:50.007 [scheduling-1    ] INFO  UpdateActivitySkuStockJob - 定时任务，更新活动sku库存【延迟队列获取，降低对数据库的更新频次，不要产生竞争】
25-02-25.00:57:50.015 [scheduling-1    ] INFO  UpdateAwardStockJob    - 定时任务，更新奖品消耗库存【延迟队列获取，降低对数据库的更新频次，不要产生竞争】
25-02-25.00:57:55.003 [scheduling-1    ] INFO  UpdateActivitySkuStockJob - 定时任务，更新活动sku库存【延迟队列获取，降低对数据库的更新频次，不要产生竞争】
25-02-25.00:57:55.008 [scheduling-1    ] INFO  UpdateAwardStockJob    - 定时任务，更新奖品消耗库存【延迟队列获取，降低对数据库的更新频次，不要产生竞争】
25-02-25.00:58:00.011 [scheduling-1    ] INFO  UpdateActivitySkuStockJob - 定时任务，更新活动sku库存【延迟队列获取，降低对数据库的更新频次，不要产生竞争】
25-02-25.00:58:00.016 [scheduling-1    ] INFO  UpdateAwardStockJob    - 定时任务，更新奖品消耗库存【延迟队列获取，降低对数据库的更新频次，不要产生竞争】
25-02-25.00:58:05.008 [scheduling-1    ] INFO  UpdateAwardStockJob    - 定时任务，更新奖品消耗库存【延迟队列获取，降低对数据库的更新频次，不要产生竞争】
25-02-25.00:58:05.014 [scheduling-1    ] INFO  UpdateActivitySkuStockJob - 定时任务，更新活动sku库存【延迟队列获取，降低对数据库的更新频次，不要产生竞争】
25-02-25.00:58:10.006 [scheduling-1    ] INFO  UpdateActivitySkuStockJob - 定时任务，更新活动sku库存【延迟队列获取，降低对数据库的更新频次，不要产生竞争】
25-02-25.00:58:10.011 [scheduling-1    ] INFO  UpdateAwardStockJob    - 定时任务，更新奖品消耗库存【延迟队列获取，降低对数据库的更新频次，不要产生竞争】
25-02-25.00:58:15.010 [scheduling-1    ] INFO  UpdateAwardStockJob    - 定时任务，更新奖品消耗库存【延迟队列获取，降低对数据库的更新频次，不要产生竞争】
25-02-25.00:58:15.014 [scheduling-1    ] INFO  UpdateActivitySkuStockJob - 定时任务，更新活动sku库存【延迟队列获取，降低对数据库的更新频次，不要产生竞争】
25-02-25.00:58:20.010 [scheduling-1    ] INFO  UpdateActivitySkuStockJob - 定时任务，更新活动sku库存【延迟队列获取，降低对数据库的更新频次，不要产生竞争】
25-02-25.00:58:20.014 [scheduling-1    ] INFO  UpdateAwardStockJob    - 定时任务，更新奖品消耗库存【延迟队列获取，降低对数据库的更新频次，不要产生竞争】
25-02-25.00:58:25.010 [scheduling-1    ] INFO  UpdateAwardStockJob    - 定时任务，更新奖品消耗库存【延迟队列获取，降低对数据库的更新频次，不要产生竞争】
25-02-25.00:58:25.013 [scheduling-1    ] INFO  UpdateActivitySkuStockJob - 定时任务，更新活动sku库存【延迟队列获取，降低对数据库的更新频次，不要产生竞争】
25-02-25.00:58:30.009 [scheduling-1    ] INFO  UpdateActivitySkuStockJob - 定时任务，更新活动sku库存【延迟队列获取，降低对数据库的更新频次，不要产生竞争】
25-02-25.00:58:30.015 [scheduling-1    ] INFO  UpdateAwardStockJob    - 定时任务，更新奖品消耗库存【延迟队列获取，降低对数据库的更新频次，不要产生竞争】
25-02-25.00:58:31.640 [org.springframework.amqp.rabbit.RabbitListenerEndpointContainer#0-2] INFO  SimpleMessageListenerContainer - Waiting for workers to finish.
25-02-25.00:58:31.989 [org.springframework.amqp.rabbit.RabbitListenerEndpointContainer#0-2] INFO  SimpleMessageListenerContainer - Successfully waited for workers to finish.
25-02-25.00:58:31.992 [SpringApplicationShutdownHook] INFO  SimpleMessageListenerContainer - Shutdown ignored - container is already stopped
25-02-25.00:58:35.513 [main            ] INFO  RaffleOrderTest        - Starting RaffleOrderTest using Java 21.0.1 on LAPTOP-EPDR54BH with PID 14464 (started by Saber in D:\javacode\marketing_platform\big-market-ztf\big-market\big-market-app)
25-02-25.00:58:35.514 [main            ] INFO  RaffleOrderTest        - The following 1 profile is active: "dev"
25-02-25.00:58:36.617 [main            ] INFO  RepositoryConfigurationDelegate - Multiple Spring Data modules found, entering strict repository configuration mode
25-02-25.00:58:36.621 [main            ] INFO  RepositoryConfigurationDelegate - Bootstrapping Spring Data Redis repositories in DEFAULT mode.
25-02-25.00:58:36.675 [main            ] INFO  RepositoryConfigurationDelegate - Finished Spring Data repository scanning in 36 ms. Found 0 Redis repository interfaces.
25-02-25.00:58:38.449 [main            ] INFO  Version                - Redisson 3.26.0
25-02-25.00:58:38.930 [redisson-netty-1-4] INFO  ConnectionsHolder      - 1 connections initialized for 127.0.0.1/127.0.0.1:16379
25-02-25.00:58:38.952 [redisson-netty-1-13] INFO  ConnectionsHolder      - 5 connections initialized for 127.0.0.1/127.0.0.1:16379
25-02-25.00:58:43.024 [main            ] INFO  EndpointLinksResolver  - Exposing 1 endpoint(s) beneath base path '/actuator'
25-02-25.00:58:43.183 [main            ] INFO  CachingConnectionFactory - Attempting to connect to: [127.0.0.1:5672]
25-02-25.00:58:43.296 [main            ] INFO  CachingConnectionFactory - Created new connection: rabbitConnectionFactory#3580134d:0/SimpleConnection@673a5aa7 [delegate=amqp://admin@127.0.0.1:5672/, localPort= 51836]
25-02-25.00:58:43.450 [main            ] INFO  RaffleOrderTest        - Started RaffleOrderTest in 8.412 seconds (JVM running for 9.331)
25-02-25.00:58:44.096 [main            ] INFO  HikariDataSource       - Retail_HikariCP - Starting...
25-02-25.00:58:44.526 [main            ] INFO  HikariDataSource       - Retail_HikariCP - Start completed.
25-02-25.00:58:44.916 [main            ] INFO  RaffleOrderTest        - 装配活动：true
25-02-25.00:58:44.977 [main            ] INFO  ActionBaseActionChain  - 活动责任链-基础信息【有效期、状态】校验开始。
25-02-25.00:58:44.978 [main            ] INFO  ActivitySkuStockActionChain - 活动责任链-商品库存处理【校验&扣减】开始。
25-02-25.00:58:44.983 [main            ] INFO  ActivitySkuStockActionChain - 活动责任链-商品库存处理【有效期、状态、库存(sku)】成功。sku:9011 activityId:100301
25-02-25.00:58:45.011 [scheduling-1    ] INFO  UpdateActivitySkuStockJob - 定时任务，更新活动sku库存【延迟队列获取，降低对数据库的更新频次，不要产生竞争】
25-02-25.00:58:45.014 [scheduling-1    ] INFO  UpdateAwardStockJob    - 定时任务，更新奖品消耗库存【延迟队列获取，降低对数据库的更新频次，不要产生竞争】
25-02-25.00:58:45.109 [main            ] INFO  HikariDataSource       - Retail_HikariCP - Starting...
25-02-25.00:58:45.144 [main            ] INFO  HikariDataSource       - Retail_HikariCP - Start completed.
25-02-25.00:58:45.222 [main            ] INFO  RaffleOrderTest        - 测试结果：284540860173
25-02-25.00:58:45.239 [main            ] INFO  ActionBaseActionChain  - 活动责任链-基础信息【有效期、状态】校验开始。
25-02-25.00:58:45.240 [main            ] INFO  ActivitySkuStockActionChain - 活动责任链-商品库存处理【校验&扣减】开始。
25-02-25.00:58:45.247 [main            ] INFO  ActivitySkuStockActionChain - 活动责任链-商品库存处理【有效期、状态、库存(sku)】成功。sku:9011 activityId:100301
25-02-25.00:58:45.285 [main            ] INFO  RaffleOrderTest        - 测试结果：702289063362
25-02-25.00:58:45.303 [main            ] INFO  ActionBaseActionChain  - 活动责任链-基础信息【有效期、状态】校验开始。
25-02-25.00:58:45.304 [main            ] INFO  ActivitySkuStockActionChain - 活动责任链-商品库存处理【校验&扣减】开始。
25-02-25.00:58:45.315 [main            ] INFO  ActivitySkuStockActionChain - 活动责任链-商品库存处理【有效期、状态、库存(sku)】成功。sku:9011 activityId:100301
25-02-25.00:58:45.354 [main            ] INFO  RaffleOrderTest        - 测试结果：265359909433
25-02-25.00:58:45.364 [main            ] INFO  ActionBaseActionChain  - 活动责任链-基础信息【有效期、状态】校验开始。
25-02-25.00:58:45.365 [main            ] INFO  ActivitySkuStockActionChain - 活动责任链-商品库存处理【校验&扣减】开始。
25-02-25.00:58:45.370 [main            ] INFO  ActivitySkuStockActionChain - 活动责任链-商品库存处理【有效期、状态、库存(sku)】成功。sku:9011 activityId:100301
25-02-25.00:58:45.399 [main            ] INFO  RaffleOrderTest        - 测试结果：442252385086
25-02-25.00:58:45.408 [main            ] INFO  ActionBaseActionChain  - 活动责任链-基础信息【有效期、状态】校验开始。
25-02-25.00:58:45.409 [main            ] INFO  ActivitySkuStockActionChain - 活动责任链-商品库存处理【校验&扣减】开始。
25-02-25.00:58:45.413 [main            ] INFO  ActivitySkuStockActionChain - 活动责任链-商品库存处理【有效期、状态、库存(sku)】成功。sku:9011 activityId:100301
25-02-25.00:58:45.434 [main            ] INFO  RaffleOrderTest        - 测试结果：939134345343
25-02-25.00:58:45.443 [main            ] INFO  ActionBaseActionChain  - 活动责任链-基础信息【有效期、状态】校验开始。
25-02-25.00:58:45.443 [main            ] INFO  ActivitySkuStockActionChain - 活动责任链-商品库存处理【校验&扣减】开始。
25-02-25.00:58:45.447 [main            ] INFO  ActivitySkuStockActionChain - 活动责任链-商品库存处理【有效期、状态、库存(sku)】成功。sku:9011 activityId:100301
25-02-25.00:58:45.468 [main            ] INFO  RaffleOrderTest        - 测试结果：731136054266
25-02-25.00:58:45.476 [main            ] INFO  ActionBaseActionChain  - 活动责任链-基础信息【有效期、状态】校验开始。
25-02-25.00:58:45.476 [main            ] INFO  ActivitySkuStockActionChain - 活动责任链-商品库存处理【校验&扣减】开始。
25-02-25.00:58:45.479 [main            ] INFO  ActivitySkuStockActionChain - 活动责任链-商品库存处理【有效期、状态、库存(sku)】成功。sku:9011 activityId:100301
25-02-25.00:58:45.496 [main            ] INFO  RaffleOrderTest        - 测试结果：826949524443
25-02-25.00:58:45.503 [main            ] INFO  ActionBaseActionChain  - 活动责任链-基础信息【有效期、状态】校验开始。
25-02-25.00:58:45.503 [main            ] INFO  ActivitySkuStockActionChain - 活动责任链-商品库存处理【校验&扣减】开始。
25-02-25.00:58:45.507 [main            ] INFO  ActivitySkuStockActionChain - 活动责任链-商品库存处理【有效期、状态、库存(sku)】成功。sku:9011 activityId:100301
25-02-25.00:58:45.522 [main            ] INFO  RaffleOrderTest        - 测试结果：424343368864
25-02-25.00:58:45.529 [main            ] INFO  ActionBaseActionChain  - 活动责任链-基础信息【有效期、状态】校验开始。
25-02-25.00:58:45.529 [main            ] INFO  ActivitySkuStockActionChain - 活动责任链-商品库存处理【校验&扣减】开始。
25-02-25.00:58:45.533 [main            ] INFO  ActivitySkuStockActionChain - 活动责任链-商品库存处理【有效期、状态、库存(sku)】成功。sku:9011 activityId:100301
25-02-25.00:58:45.546 [main            ] INFO  RaffleOrderTest        - 测试结果：743637323811
25-02-25.00:58:45.552 [main            ] INFO  ActionBaseActionChain  - 活动责任链-基础信息【有效期、状态】校验开始。
25-02-25.00:58:45.552 [main            ] INFO  ActivitySkuStockActionChain - 活动责任链-商品库存处理【校验&扣减】开始。
25-02-25.00:58:45.555 [main            ] INFO  ActivitySkuStockActionChain - 活动责任链-商品库存处理【有效期、状态、库存(sku)】成功。sku:9011 activityId:100301
25-02-25.00:58:45.570 [main            ] INFO  RaffleOrderTest        - 测试结果：263757981599
25-02-25.00:58:45.575 [main            ] INFO  ActionBaseActionChain  - 活动责任链-基础信息【有效期、状态】校验开始。
25-02-25.00:58:45.576 [main            ] INFO  ActivitySkuStockActionChain - 活动责任链-商品库存处理【校验&扣减】开始。
25-02-25.00:58:45.579 [main            ] INFO  ActivitySkuStockActionChain - 活动责任链-商品库存处理【有效期、状态、库存(sku)】成功。sku:9011 activityId:100301
25-02-25.00:58:45.595 [main            ] INFO  RaffleOrderTest        - 测试结果：283351210920
25-02-25.00:58:45.602 [main            ] INFO  ActionBaseActionChain  - 活动责任链-基础信息【有效期、状态】校验开始。
25-02-25.00:58:45.602 [main            ] INFO  ActivitySkuStockActionChain - 活动责任链-商品库存处理【校验&扣减】开始。
25-02-25.00:58:45.605 [main            ] INFO  ActivitySkuStockActionChain - 活动责任链-商品库存处理【有效期、状态、库存(sku)】成功。sku:9011 activityId:100301
25-02-25.00:58:45.623 [main            ] INFO  RaffleOrderTest        - 测试结果：581577828196
25-02-25.00:58:45.630 [main            ] INFO  ActionBaseActionChain  - 活动责任链-基础信息【有效期、状态】校验开始。
25-02-25.00:58:45.630 [main            ] INFO  ActivitySkuStockActionChain - 活动责任链-商品库存处理【校验&扣减】开始。
25-02-25.00:58:45.634 [main            ] INFO  ActivitySkuStockActionChain - 活动责任链-商品库存处理【有效期、状态、库存(sku)】成功。sku:9011 activityId:100301
25-02-25.00:58:45.653 [main            ] INFO  RaffleOrderTest        - 测试结果：540793133281
25-02-25.00:58:45.661 [main            ] INFO  ActionBaseActionChain  - 活动责任链-基础信息【有效期、状态】校验开始。
25-02-25.00:58:45.661 [main            ] INFO  ActivitySkuStockActionChain - 活动责任链-商品库存处理【校验&扣减】开始。
25-02-25.00:58:45.665 [main            ] INFO  ActivitySkuStockActionChain - 活动责任链-商品库存处理【有效期、状态、库存(sku)】成功。sku:9011 activityId:100301
25-02-25.00:58:45.685 [main            ] INFO  RaffleOrderTest        - 测试结果：578041617794
25-02-25.00:58:45.692 [main            ] INFO  ActionBaseActionChain  - 活动责任链-基础信息【有效期、状态】校验开始。
25-02-25.00:58:45.692 [main            ] INFO  ActivitySkuStockActionChain - 活动责任链-商品库存处理【校验&扣减】开始。
25-02-25.00:58:45.696 [main            ] INFO  ActivitySkuStockActionChain - 活动责任链-商品库存处理【有效期、状态、库存(sku)】成功。sku:9011 activityId:100301
25-02-25.00:58:45.714 [main            ] INFO  RaffleOrderTest        - 测试结果：891230526824
25-02-25.00:58:45.722 [main            ] INFO  ActionBaseActionChain  - 活动责任链-基础信息【有效期、状态】校验开始。
25-02-25.00:58:45.722 [main            ] INFO  ActivitySkuStockActionChain - 活动责任链-商品库存处理【校验&扣减】开始。
25-02-25.00:58:45.725 [main            ] INFO  ActivitySkuStockActionChain - 活动责任链-商品库存处理【有效期、状态、库存(sku)】成功。sku:9011 activityId:100301
25-02-25.00:58:45.743 [main            ] INFO  RaffleOrderTest        - 测试结果：906691596947
25-02-25.00:58:45.751 [main            ] INFO  ActionBaseActionChain  - 活动责任链-基础信息【有效期、状态】校验开始。
25-02-25.00:58:45.751 [main            ] INFO  ActivitySkuStockActionChain - 活动责任链-商品库存处理【校验&扣减】开始。
25-02-25.00:58:45.754 [main            ] INFO  ActivitySkuStockActionChain - 活动责任链-商品库存处理【有效期、状态、库存(sku)】成功。sku:9011 activityId:100301
25-02-25.00:58:45.782 [main            ] INFO  RaffleOrderTest        - 测试结果：977420187710
25-02-25.00:58:45.803 [main            ] INFO  ActionBaseActionChain  - 活动责任链-基础信息【有效期、状态】校验开始。
25-02-25.00:58:45.804 [main            ] INFO  ActivitySkuStockActionChain - 活动责任链-商品库存处理【校验&扣减】开始。
25-02-25.00:58:45.813 [main            ] INFO  ActivitySkuStockActionChain - 活动责任链-商品库存处理【有效期、状态、库存(sku)】成功。sku:9011 activityId:100301
25-02-25.00:58:45.843 [main            ] INFO  RaffleOrderTest        - 测试结果：446157594170
25-02-25.00:58:45.849 [main            ] INFO  ActionBaseActionChain  - 活动责任链-基础信息【有效期、状态】校验开始。
25-02-25.00:58:45.849 [main            ] INFO  ActivitySkuStockActionChain - 活动责任链-商品库存处理【校验&扣减】开始。
25-02-25.00:58:45.853 [main            ] INFO  ActivitySkuStockActionChain - 活动责任链-商品库存处理【有效期、状态、库存(sku)】成功。sku:9011 activityId:100301
25-02-25.00:58:45.872 [main            ] INFO  RaffleOrderTest        - 测试结果：705861734629
25-02-25.00:58:45.880 [main            ] INFO  ActionBaseActionChain  - 活动责任链-基础信息【有效期、状态】校验开始。
25-02-25.00:58:45.880 [main            ] INFO  ActivitySkuStockActionChain - 活动责任链-商品库存处理【校验&扣减】开始。
25-02-25.00:58:46.134 [main            ] INFO  EventPublisher         - 发送MQ消息 topic:activity_sku_stock_zero message:{"data":9011,"id":"20780167340","timestamp":1740416325882}
25-02-25.00:58:46.169 [main            ] INFO  RaffleOrderTest        - 测试结果：634714681787
25-02-25.00:58:46.169 [org.springframework.amqp.rabbit.RabbitListenerEndpointContainer#0-1] INFO  ActivitySkuStockZeroCustomer - 监听活动sku库存消耗为0消息 topic: activity_sku_stock_zero message: {"data":9011,"id":"20780167340","timestamp":1740416325882}
25-02-25.00:58:50.004 [scheduling-1    ] INFO  UpdateActivitySkuStockJob - 定时任务，更新活动sku库存【延迟队列获取，降低对数据库的更新频次，不要产生竞争】
25-02-25.00:58:50.007 [scheduling-1    ] INFO  UpdateActivitySkuStockJob - 定时任务，更新活动sku库存 sku:9011 activityId:100301
25-02-25.00:58:50.016 [scheduling-1    ] INFO  UpdateAwardStockJob    - 定时任务，更新奖品消耗库存【延迟队列获取，降低对数据库的更新频次，不要产生竞争】
25-02-25.00:58:55.007 [scheduling-1    ] INFO  UpdateActivitySkuStockJob - 定时任务，更新活动sku库存【延迟队列获取，降低对数据库的更新频次，不要产生竞争】
25-02-25.00:58:55.013 [scheduling-1    ] INFO  UpdateActivitySkuStockJob - 定时任务，更新活动sku库存 sku:9011 activityId:100301
25-02-25.00:58:55.024 [scheduling-1    ] INFO  UpdateAwardStockJob    - 定时任务，更新奖品消耗库存【延迟队列获取，降低对数据库的更新频次，不要产生竞争】
25-02-25.00:59:00.010 [scheduling-1    ] INFO  UpdateActivitySkuStockJob - 定时任务，更新活动sku库存【延迟队列获取，降低对数据库的更新频次，不要产生竞争】
25-02-25.00:59:00.015 [scheduling-1    ] INFO  UpdateActivitySkuStockJob - 定时任务，更新活动sku库存 sku:9011 activityId:100301
25-02-25.00:59:00.030 [scheduling-1    ] INFO  UpdateAwardStockJob    - 定时任务，更新奖品消耗库存【延迟队列获取，降低对数据库的更新频次，不要产生竞争】
25-02-25.00:59:05.005 [scheduling-1    ] INFO  UpdateActivitySkuStockJob - 定时任务，更新活动sku库存【延迟队列获取，降低对数据库的更新频次，不要产生竞争】
25-02-25.00:59:05.009 [scheduling-1    ] INFO  UpdateActivitySkuStockJob - 定时任务，更新活动sku库存 sku:9011 activityId:100301
25-02-25.00:59:05.019 [scheduling-1    ] INFO  UpdateAwardStockJob    - 定时任务，更新奖品消耗库存【延迟队列获取，降低对数据库的更新频次，不要产生竞争】
25-02-25.00:59:10.001 [scheduling-1    ] INFO  UpdateAwardStockJob    - 定时任务，更新奖品消耗库存【延迟队列获取，降低对数据库的更新频次，不要产生竞争】
25-02-25.00:59:10.007 [scheduling-1    ] INFO  UpdateActivitySkuStockJob - 定时任务，更新活动sku库存【延迟队列获取，降低对数据库的更新频次，不要产生竞争】
25-02-25.00:59:10.012 [scheduling-1    ] INFO  UpdateActivitySkuStockJob - 定时任务，更新活动sku库存 sku:9011 activityId:100301
25-02-25.00:59:15.014 [scheduling-1    ] INFO  UpdateActivitySkuStockJob - 定时任务，更新活动sku库存【延迟队列获取，降低对数据库的更新频次，不要产生竞争】
25-02-25.00:59:15.018 [scheduling-1    ] INFO  UpdateActivitySkuStockJob - 定时任务，更新活动sku库存 sku:9011 activityId:100301
25-02-25.00:59:15.030 [scheduling-1    ] INFO  UpdateAwardStockJob    - 定时任务，更新奖品消耗库存【延迟队列获取，降低对数据库的更新频次，不要产生竞争】
25-02-25.00:59:20.012 [scheduling-1    ] INFO  UpdateActivitySkuStockJob - 定时任务，更新活动sku库存【延迟队列获取，降低对数据库的更新频次，不要产生竞争】
25-02-25.00:59:20.016 [scheduling-1    ] INFO  UpdateActivitySkuStockJob - 定时任务，更新活动sku库存 sku:9011 activityId:100301
25-02-25.00:59:20.038 [scheduling-1    ] INFO  UpdateAwardStockJob    - 定时任务，更新奖品消耗库存【延迟队列获取，降低对数据库的更新频次，不要产生竞争】
25-02-25.00:59:25.012 [scheduling-1    ] INFO  UpdateActivitySkuStockJob - 定时任务，更新活动sku库存【延迟队列获取，降低对数据库的更新频次，不要产生竞争】
25-02-25.00:59:25.016 [scheduling-1    ] INFO  UpdateActivitySkuStockJob - 定时任务，更新活动sku库存 sku:9011 activityId:100301
25-02-25.00:59:25.030 [scheduling-1    ] INFO  UpdateAwardStockJob    - 定时任务，更新奖品消耗库存【延迟队列获取，降低对数据库的更新频次，不要产生竞争】
25-02-25.00:59:30.003 [scheduling-1    ] INFO  UpdateAwardStockJob    - 定时任务，更新奖品消耗库存【延迟队列获取，降低对数据库的更新频次，不要产生竞争】
25-02-25.00:59:30.009 [scheduling-1    ] INFO  UpdateActivitySkuStockJob - 定时任务，更新活动sku库存【延迟队列获取，降低对数据库的更新频次，不要产生竞争】
25-02-25.00:59:30.013 [scheduling-1    ] INFO  UpdateActivitySkuStockJob - 定时任务，更新活动sku库存 sku:9011 activityId:100301
25-02-25.00:59:35.009 [scheduling-1    ] INFO  UpdateAwardStockJob    - 定时任务，更新奖品消耗库存【延迟队列获取，降低对数据库的更新频次，不要产生竞争】
25-02-25.00:59:35.013 [scheduling-1    ] INFO  UpdateActivitySkuStockJob - 定时任务，更新活动sku库存【延迟队列获取，降低对数据库的更新频次，不要产生竞争】
25-02-25.00:59:35.017 [scheduling-1    ] INFO  UpdateActivitySkuStockJob - 定时任务，更新活动sku库存 sku:9011 activityId:100301
25-02-25.00:59:40.007 [scheduling-1    ] INFO  UpdateAwardStockJob    - 定时任务，更新奖品消耗库存【延迟队列获取，降低对数据库的更新频次，不要产生竞争】
25-02-25.00:59:40.012 [scheduling-1    ] INFO  UpdateActivitySkuStockJob - 定时任务，更新活动sku库存【延迟队列获取，降低对数据库的更新频次，不要产生竞争】
25-02-25.00:59:40.015 [scheduling-1    ] INFO  UpdateActivitySkuStockJob - 定时任务，更新活动sku库存 sku:9011 activityId:100301
25-02-25.00:59:45.007 [scheduling-1    ] INFO  UpdateActivitySkuStockJob - 定时任务，更新活动sku库存【延迟队列获取，降低对数据库的更新频次，不要产生竞争】
25-02-25.00:59:45.011 [scheduling-1    ] INFO  UpdateActivitySkuStockJob - 定时任务，更新活动sku库存 sku:9011 activityId:100301
25-02-25.00:59:45.031 [scheduling-1    ] INFO  UpdateAwardStockJob    - 定时任务，更新奖品消耗库存【延迟队列获取，降低对数据库的更新频次，不要产生竞争】
25-02-25.00:59:49.208 [org.springframework.amqp.rabbit.RabbitListenerEndpointContainer#0-2] INFO  SimpleMessageListenerContainer - Waiting for workers to finish.
25-02-25.00:59:49.661 [org.springframework.amqp.rabbit.RabbitListenerEndpointContainer#0-2] INFO  SimpleMessageListenerContainer - Successfully waited for workers to finish.
25-02-25.00:59:49.665 [SpringApplicationShutdownHook] INFO  SimpleMessageListenerContainer - Shutdown ignored - container is already stopped
25-02-26.20:10:04.765 [main            ] INFO  RaffleActivityPartakeServiceTest - Starting RaffleActivityPartakeServiceTest using Java 21.0.1 on LAPTOP-EPDR54BH with PID 21436 (started by Saber in D:\javacode\marketing_platform\big-market-ztf\big-market\big-market-app)
25-02-26.20:10:04.766 [main            ] INFO  RaffleActivityPartakeServiceTest - The following 1 profile is active: "dev"
25-02-26.20:10:05.990 [main            ] INFO  RepositoryConfigurationDelegate - Multiple Spring Data modules found, entering strict repository configuration mode
25-02-26.20:10:05.993 [main            ] INFO  RepositoryConfigurationDelegate - Bootstrapping Spring Data Redis repositories in DEFAULT mode.
25-02-26.20:10:06.044 [main            ] INFO  RepositoryConfigurationDelegate - Finished Spring Data repository scanning in 32 ms. Found 0 Redis repository interfaces.
25-02-26.20:10:07.927 [main            ] INFO  Version                - Redisson 3.26.0
25-02-26.20:10:08.388 [redisson-netty-1-4] INFO  ConnectionsHolder      - 1 connections initialized for 127.0.0.1/127.0.0.1:16379
25-02-26.20:10:08.423 [redisson-netty-1-13] INFO  ConnectionsHolder      - 5 connections initialized for 127.0.0.1/127.0.0.1:16379
25-02-26.20:10:13.179 [main            ] INFO  EndpointLinksResolver  - Exposing 1 endpoint(s) beneath base path '/actuator'
25-02-26.20:10:13.460 [main            ] INFO  CachingConnectionFactory - Attempting to connect to: [127.0.0.1:5672]
25-02-26.20:10:13.597 [main            ] INFO  CachingConnectionFactory - Created new connection: rabbitConnectionFactory#1c0cf193:0/SimpleConnection@3d2ff73a [delegate=amqp://admin@127.0.0.1:5672/, localPort= 56838]
25-02-26.20:10:13.831 [main            ] INFO  RaffleActivityPartakeServiceTest - Started RaffleActivityPartakeServiceTest in 9.625 seconds (JVM running for 10.587)
25-02-26.20:10:14.156 [main            ] ERROR TestContextManager     - Caught exception while allowing TestExecutionListener [org.springframework.boot.test.autoconfigure.SpringBootDependencyInjectionTestExecutionListener@304bb45b] to prepare test instance [com.ztf.test.domain.activity.RaffleActivityPartakeServiceTest@3b7dd173]
org.springframework.beans.factory.BeanCreationException: Error creating bean with name 'com.ztf.test.domain.activity.RaffleActivityPartakeServiceTest': Injection of resource dependencies failed; nested exception is org.springframework.beans.factory.NoSuchBeanDefinitionException: No qualifying bean of type 'com.ztf.domain.activity.service.IRaffleActivityPartakeService' available: expected at least 1 bean which qualifies as autowire candidate. Dependency annotations: {@javax.annotation.Resource(shareable=true, lookup="", name="", description="", authenticationType=CONTAINER, type=java.lang.Object.class, mappedName="")}
	at org.springframework.context.annotation.CommonAnnotationBeanPostProcessor.postProcessProperties(CommonAnnotationBeanPostProcessor.java:332)
	at org.springframework.beans.factory.support.AbstractAutowireCapableBeanFactory.populateBean(AbstractAutowireCapableBeanFactory.java:1431)
	at org.springframework.beans.factory.support.AbstractAutowireCapableBeanFactory.autowireBeanProperties(AbstractAutowireCapableBeanFactory.java:417)
	at org.springframework.test.context.support.DependencyInjectionTestExecutionListener.injectDependencies(DependencyInjectionTestExecutionListener.java:119)
	at org.springframework.test.context.support.DependencyInjectionTestExecutionListener.prepareTestInstance(DependencyInjectionTestExecutionListener.java:83)
	at org.springframework.boot.test.autoconfigure.SpringBootDependencyInjectionTestExecutionListener.prepareTestInstance(SpringBootDependencyInjectionTestExecutionListener.java:43)
	at org.springframework.test.context.TestContextManager.prepareTestInstance(TestContextManager.java:248)
	at org.springframework.test.context.junit4.SpringJUnit4ClassRunner.createTest(SpringJUnit4ClassRunner.java:227)
	at org.springframework.test.context.junit4.SpringJUnit4ClassRunner$1.runReflectiveCall(SpringJUnit4ClassRunner.java:289)
	at org.junit.internal.runners.model.ReflectiveCallable.run(ReflectiveCallable.java:12)
	at org.springframework.test.context.junit4.SpringJUnit4ClassRunner.methodBlock(SpringJUnit4ClassRunner.java:291)
	at org.springframework.test.context.junit4.SpringJUnit4ClassRunner.runChild(SpringJUnit4ClassRunner.java:246)
	at org.springframework.test.context.junit4.SpringJUnit4ClassRunner.runChild(SpringJUnit4ClassRunner.java:97)
	at org.junit.runners.ParentRunner$4.run(ParentRunner.java:331)
	at org.junit.runners.ParentRunner$1.schedule(ParentRunner.java:79)
	at org.junit.runners.ParentRunner.runChildren(ParentRunner.java:329)
	at org.junit.runners.ParentRunner.access$100(ParentRunner.java:66)
	at org.junit.runners.ParentRunner$2.evaluate(ParentRunner.java:293)
	at org.springframework.test.context.junit4.statements.RunBeforeTestClassCallbacks.evaluate(RunBeforeTestClassCallbacks.java:61)
	at org.springframework.test.context.junit4.statements.RunAfterTestClassCallbacks.evaluate(RunAfterTestClassCallbacks.java:70)
	at org.junit.runners.ParentRunner$3.evaluate(ParentRunner.java:306)
	at org.junit.runners.ParentRunner.run(ParentRunner.java:413)
	at org.springframework.test.context.junit4.SpringJUnit4ClassRunner.run(SpringJUnit4ClassRunner.java:190)
	at org.junit.runner.JUnitCore.run(JUnitCore.java:137)
	at com.intellij.junit4.JUnit4IdeaTestRunner.startRunnerWithArgs(JUnit4IdeaTestRunner.java:69)
	at com.intellij.rt.junit.IdeaTestRunner$Repeater$1.execute(IdeaTestRunner.java:38)
	at com.intellij.rt.execution.junit.TestsRepeater.repeat(TestsRepeater.java:11)
	at com.intellij.rt.junit.IdeaTestRunner$Repeater.startRunnerWithArgs(IdeaTestRunner.java:35)
	at com.intellij.rt.junit.JUnitStarter.prepareStreamsAndStart(JUnitStarter.java:232)
	at com.intellij.rt.junit.JUnitStarter.main(JUnitStarter.java:55)
Caused by: org.springframework.beans.factory.NoSuchBeanDefinitionException: No qualifying bean of type 'com.ztf.domain.activity.service.IRaffleActivityPartakeService' available: expected at least 1 bean which qualifies as autowire candidate. Dependency annotations: {@javax.annotation.Resource(shareable=true, lookup="", name="", description="", authenticationType=CONTAINER, type=java.lang.Object.class, mappedName="")}
	at org.springframework.beans.factory.support.DefaultListableBeanFactory.raiseNoMatchingBeanFound(DefaultListableBeanFactory.java:1801)
	at org.springframework.beans.factory.support.DefaultListableBeanFactory.doResolveDependency(DefaultListableBeanFactory.java:1357)
	at org.springframework.beans.factory.support.DefaultListableBeanFactory.resolveDependency(DefaultListableBeanFactory.java:1311)
	at org.springframework.context.annotation.CommonAnnotationBeanPostProcessor.autowireResource(CommonAnnotationBeanPostProcessor.java:544)
	at org.springframework.context.annotation.CommonAnnotationBeanPostProcessor.getResource(CommonAnnotationBeanPostProcessor.java:520)
	at org.springframework.context.annotation.CommonAnnotationBeanPostProcessor$ResourceElement.getResourceToInject(CommonAnnotationBeanPostProcessor.java:673)
	at org.springframework.beans.factory.annotation.InjectionMetadata$InjectedElement.inject(InjectionMetadata.java:228)
	at org.springframework.beans.factory.annotation.InjectionMetadata.inject(InjectionMetadata.java:119)
	at org.springframework.context.annotation.CommonAnnotationBeanPostProcessor.postProcessProperties(CommonAnnotationBeanPostProcessor.java:329)
	... 29 common frames omitted
25-02-26.20:10:14.194 [org.springframework.amqp.rabbit.RabbitListenerEndpointContainer#0-2] INFO  SimpleMessageListenerContainer - Waiting for workers to finish.
25-02-26.20:10:14.795 [org.springframework.amqp.rabbit.RabbitListenerEndpointContainer#0-2] INFO  SimpleMessageListenerContainer - Successfully waited for workers to finish.
25-02-26.20:10:14.801 [SpringApplicationShutdownHook] INFO  SimpleMessageListenerContainer - Shutdown ignored - container is already stopped
25-02-26.20:18:02.869 [main            ] INFO  RaffleActivityPartakeServiceTest - Starting RaffleActivityPartakeServiceTest using Java 21.0.1 on LAPTOP-EPDR54BH with PID 43772 (started by Saber in D:\javacode\marketing_platform\big-market-ztf\big-market\big-market-app)
25-02-26.20:18:02.870 [main            ] INFO  RaffleActivityPartakeServiceTest - The following 1 profile is active: "dev"
25-02-26.20:18:04.105 [main            ] INFO  RepositoryConfigurationDelegate - Multiple Spring Data modules found, entering strict repository configuration mode
25-02-26.20:18:04.107 [main            ] INFO  RepositoryConfigurationDelegate - Bootstrapping Spring Data Redis repositories in DEFAULT mode.
25-02-26.20:18:04.151 [main            ] INFO  RepositoryConfigurationDelegate - Finished Spring Data repository scanning in 30 ms. Found 0 Redis repository interfaces.
25-02-26.20:18:06.074 [main            ] INFO  Version                - Redisson 3.26.0
25-02-26.20:18:06.461 [redisson-netty-1-5] INFO  ConnectionsHolder      - 1 connections initialized for 127.0.0.1/127.0.0.1:16379
25-02-26.20:18:06.485 [redisson-netty-1-13] INFO  ConnectionsHolder      - 5 connections initialized for 127.0.0.1/127.0.0.1:16379
25-02-26.20:18:10.927 [main            ] INFO  EndpointLinksResolver  - Exposing 1 endpoint(s) beneath base path '/actuator'
25-02-26.20:18:11.179 [main            ] INFO  CachingConnectionFactory - Attempting to connect to: [127.0.0.1:5672]
25-02-26.20:18:11.331 [main            ] INFO  CachingConnectionFactory - Created new connection: rabbitConnectionFactory#6ec98ccc:0/SimpleConnection@36696821 [delegate=amqp://admin@127.0.0.1:5672/, localPort= 57169]
25-02-26.20:18:11.514 [main            ] INFO  RaffleActivityPartakeServiceTest - Started RaffleActivityPartakeServiceTest in 9.112 seconds (JVM running for 9.932)
25-02-26.20:18:12.356 [main            ] INFO  HikariDataSource       - Retail_HikariCP - Starting...
25-02-26.20:18:12.867 [main            ] INFO  HikariDataSource       - Retail_HikariCP - Start completed.
25-02-26.20:18:13.318 [main            ] INFO  HikariDataSource       - Retail_HikariCP - Starting...
25-02-26.20:18:13.345 [main            ] INFO  HikariDataSource       - Retail_HikariCP - Start completed.
25-02-26.20:18:13.532 [org.springframework.amqp.rabbit.RabbitListenerEndpointContainer#0-2] INFO  SimpleMessageListenerContainer - Waiting for workers to finish.
25-02-26.20:18:14.520 [org.springframework.amqp.rabbit.RabbitListenerEndpointContainer#0-2] INFO  SimpleMessageListenerContainer - Successfully waited for workers to finish.
25-02-26.20:18:14.524 [SpringApplicationShutdownHook] INFO  SimpleMessageListenerContainer - Shutdown ignored - container is already stopped
25-02-26.20:23:00.297 [main            ] INFO  RaffleActivityPartakeServiceTest - Starting RaffleActivityPartakeServiceTest using Java 21.0.1 on LAPTOP-EPDR54BH with PID 12268 (started by Saber in D:\javacode\marketing_platform\big-market-ztf\big-market\big-market-app)
25-02-26.20:23:00.298 [main            ] INFO  RaffleActivityPartakeServiceTest - The following 1 profile is active: "dev"
25-02-26.20:23:01.386 [main            ] INFO  RepositoryConfigurationDelegate - Multiple Spring Data modules found, entering strict repository configuration mode
25-02-26.20:23:01.389 [main            ] INFO  RepositoryConfigurationDelegate - Bootstrapping Spring Data Redis repositories in DEFAULT mode.
25-02-26.20:23:01.433 [main            ] INFO  RepositoryConfigurationDelegate - Finished Spring Data repository scanning in 30 ms. Found 0 Redis repository interfaces.
25-02-26.20:23:03.040 [main            ] INFO  Version                - Redisson 3.26.0
25-02-26.20:23:03.467 [redisson-netty-1-4] INFO  ConnectionsHolder      - 1 connections initialized for 127.0.0.1/127.0.0.1:16379
25-02-26.20:23:03.493 [redisson-netty-1-13] INFO  ConnectionsHolder      - 5 connections initialized for 127.0.0.1/127.0.0.1:16379
25-02-26.20:23:07.311 [main            ] INFO  EndpointLinksResolver  - Exposing 1 endpoint(s) beneath base path '/actuator'
25-02-26.20:23:07.572 [main            ] INFO  CachingConnectionFactory - Attempting to connect to: [127.0.0.1:5672]
25-02-26.20:23:07.678 [main            ] INFO  CachingConnectionFactory - Created new connection: rabbitConnectionFactory#53079ae6:0/SimpleConnection@7b44e98e [delegate=amqp://admin@127.0.0.1:5672/, localPort= 57389]
25-02-26.20:23:07.848 [main            ] INFO  RaffleActivityPartakeServiceTest - Started RaffleActivityPartakeServiceTest in 8.056 seconds (JVM running for 8.946)
25-02-26.20:23:08.551 [main            ] INFO  HikariDataSource       - Retail_HikariCP - Starting...
25-02-26.20:23:08.979 [main            ] INFO  HikariDataSource       - Retail_HikariCP - Start completed.
25-02-26.20:23:09.595 [main            ] INFO  RaffleActivityPartakeServiceTest - 请求参数：{"activityId":100301,"userId":"xiaofuge"}
25-02-26.20:23:09.605 [main            ] INFO  RaffleActivityPartakeServiceTest - 测试结果：{"activityId":100301,"activityName":"测试活动","orderId":"488242786684","orderState":"create","orderTime":1740572588396,"strategyId":100006,"userId":"xiaofuge"}
25-02-26.20:23:09.628 [org.springframework.amqp.rabbit.RabbitListenerEndpointContainer#0-2] INFO  SimpleMessageListenerContainer - Waiting for workers to finish.
25-02-26.20:23:09.849 [org.springframework.amqp.rabbit.RabbitListenerEndpointContainer#0-2] INFO  SimpleMessageListenerContainer - Successfully waited for workers to finish.
25-02-26.20:23:09.850 [SpringApplicationShutdownHook] INFO  SimpleMessageListenerContainer - Shutdown ignored - container is already stopped
25-02-26.20:24:03.522 [main            ] INFO  RaffleActivityPartakeServiceTest - Starting RaffleActivityPartakeServiceTest using Java 21.0.1 on LAPTOP-EPDR54BH with PID 30160 (started by Saber in D:\javacode\marketing_platform\big-market-ztf\big-market\big-market-app)
25-02-26.20:24:03.523 [main            ] INFO  RaffleActivityPartakeServiceTest - The following 1 profile is active: "dev"
25-02-26.20:24:04.678 [main            ] INFO  RepositoryConfigurationDelegate - Multiple Spring Data modules found, entering strict repository configuration mode
25-02-26.20:24:04.682 [main            ] INFO  RepositoryConfigurationDelegate - Bootstrapping Spring Data Redis repositories in DEFAULT mode.
25-02-26.20:24:04.724 [main            ] INFO  RepositoryConfigurationDelegate - Finished Spring Data repository scanning in 31 ms. Found 0 Redis repository interfaces.
25-02-26.20:24:06.531 [main            ] INFO  Version                - Redisson 3.26.0
25-02-26.20:24:06.964 [redisson-netty-1-4] INFO  ConnectionsHolder      - 1 connections initialized for 127.0.0.1/127.0.0.1:16379
25-02-26.20:24:06.989 [redisson-netty-1-13] INFO  ConnectionsHolder      - 5 connections initialized for 127.0.0.1/127.0.0.1:16379
25-02-26.20:24:11.361 [main            ] INFO  EndpointLinksResolver  - Exposing 1 endpoint(s) beneath base path '/actuator'
25-02-26.20:24:11.493 [main            ] INFO  CachingConnectionFactory - Attempting to connect to: [127.0.0.1:5672]
25-02-26.20:24:11.544 [main            ] INFO  CachingConnectionFactory - Created new connection: rabbitConnectionFactory#53079ae6:0/SimpleConnection@7b44e98e [delegate=amqp://admin@127.0.0.1:5672/, localPort= 57453]
25-02-26.20:24:11.650 [main            ] INFO  RaffleActivityPartakeServiceTest - Started RaffleActivityPartakeServiceTest in 8.666 seconds (JVM running for 9.656)
25-02-26.20:24:12.125 [main            ] INFO  HikariDataSource       - Retail_HikariCP - Starting...
25-02-26.20:24:12.495 [main            ] INFO  HikariDataSource       - Retail_HikariCP - Start completed.
25-02-26.20:24:12.721 [main            ] INFO  AbstractRaffleActivityPartake - 创建参与活动订单 userId:xiaofuge activityId:100301 userRaffleOrderEntity:{"activityId":100301,"activityName":"测试活动","orderId":"488242786684","orderState":"create","orderTime":1740572588000,"strategyId":100006,"userId":"xiaofuge"}
25-02-26.20:24:12.725 [main            ] INFO  RaffleActivityPartakeServiceTest - 请求参数：{"activityId":100301,"userId":"xiaofuge"}
25-02-26.20:24:12.726 [main            ] INFO  RaffleActivityPartakeServiceTest - 测试结果：{"activityId":100301,"activityName":"测试活动","orderId":"488242786684","orderState":"create","orderTime":1740572588000,"strategyId":100006,"userId":"xiaofuge"}
25-02-26.20:24:12.760 [org.springframework.amqp.rabbit.RabbitListenerEndpointContainer#0-2] INFO  SimpleMessageListenerContainer - Waiting for workers to finish.
25-02-26.20:24:13.636 [org.springframework.amqp.rabbit.RabbitListenerEndpointContainer#0-2] INFO  SimpleMessageListenerContainer - Successfully waited for workers to finish.
25-02-26.20:24:13.641 [SpringApplicationShutdownHook] INFO  SimpleMessageListenerContainer - Shutdown ignored - container is already stopped
25-02-26.20:28:23.687 [main            ] INFO  RaffleActivityPartakeServiceTest - Starting RaffleActivityPartakeServiceTest using Java 21.0.1 on LAPTOP-EPDR54BH with PID 46416 (started by Saber in D:\javacode\marketing_platform\big-market-ztf\big-market\big-market-app)
25-02-26.20:28:23.688 [main            ] INFO  RaffleActivityPartakeServiceTest - The following 1 profile is active: "dev"
25-02-26.20:28:25.022 [main            ] INFO  RepositoryConfigurationDelegate - Multiple Spring Data modules found, entering strict repository configuration mode
25-02-26.20:28:25.025 [main            ] INFO  RepositoryConfigurationDelegate - Bootstrapping Spring Data Redis repositories in DEFAULT mode.
25-02-26.20:28:25.072 [main            ] INFO  RepositoryConfigurationDelegate - Finished Spring Data repository scanning in 32 ms. Found 0 Redis repository interfaces.
25-02-26.20:28:26.821 [main            ] INFO  Version                - Redisson 3.26.0
25-02-26.20:28:27.279 [redisson-netty-1-4] INFO  ConnectionsHolder      - 1 connections initialized for 127.0.0.1/127.0.0.1:16379
25-02-26.20:28:27.316 [redisson-netty-1-13] INFO  ConnectionsHolder      - 5 connections initialized for 127.0.0.1/127.0.0.1:16379
25-02-26.20:28:31.486 [main            ] INFO  EndpointLinksResolver  - Exposing 1 endpoint(s) beneath base path '/actuator'
25-02-26.20:28:31.635 [main            ] INFO  CachingConnectionFactory - Attempting to connect to: [127.0.0.1:5672]
25-02-26.20:28:31.746 [main            ] INFO  CachingConnectionFactory - Created new connection: rabbitConnectionFactory#19c1f6f4:0/SimpleConnection@7b44e98e [delegate=amqp://admin@127.0.0.1:5672/, localPort= 57660]
25-02-26.20:28:31.874 [main            ] INFO  RaffleActivityPartakeServiceTest - Started RaffleActivityPartakeServiceTest in 8.708 seconds (JVM running for 9.692)
25-02-26.20:28:32.318 [main            ] INFO  HikariDataSource       - Retail_HikariCP - Starting...
25-02-26.20:28:32.737 [main            ] INFO  HikariDataSource       - Retail_HikariCP - Start completed.
25-02-26.20:28:33.096 [main            ] INFO  RaffleActivityPartakeServiceTest - 请求参数：{"activityId":100301,"userId":"xiaofuge"}
25-02-26.20:28:33.111 [main            ] INFO  RaffleActivityPartakeServiceTest - 测试结果：{"activityId":100301,"activityName":"测试活动","orderId":"049508530907","orderState":"create","orderTime":1740572912217,"strategyId":100006,"userId":"xiaofuge"}
25-02-26.20:28:33.134 [org.springframework.amqp.rabbit.RabbitListenerEndpointContainer#0-2] INFO  SimpleMessageListenerContainer - Waiting for workers to finish.
25-02-26.20:28:33.868 [org.springframework.amqp.rabbit.RabbitListenerEndpointContainer#0-2] INFO  SimpleMessageListenerContainer - Successfully waited for workers to finish.
25-02-26.20:28:33.870 [SpringApplicationShutdownHook] INFO  SimpleMessageListenerContainer - Shutdown ignored - container is already stopped
25-02-26.20:29:03.900 [main            ] INFO  RaffleActivityPartakeServiceTest - Starting RaffleActivityPartakeServiceTest using Java 21.0.1 on LAPTOP-EPDR54BH with PID 52896 (started by Saber in D:\javacode\marketing_platform\big-market-ztf\big-market\big-market-app)
25-02-26.20:29:03.901 [main            ] INFO  RaffleActivityPartakeServiceTest - The following 1 profile is active: "dev"
25-02-26.20:29:05.063 [main            ] INFO  RepositoryConfigurationDelegate - Multiple Spring Data modules found, entering strict repository configuration mode
25-02-26.20:29:05.066 [main            ] INFO  RepositoryConfigurationDelegate - Bootstrapping Spring Data Redis repositories in DEFAULT mode.
25-02-26.20:29:05.111 [main            ] INFO  RepositoryConfigurationDelegate - Finished Spring Data repository scanning in 30 ms. Found 0 Redis repository interfaces.
25-02-26.20:29:06.762 [main            ] INFO  Version                - Redisson 3.26.0
25-02-26.20:29:07.268 [redisson-netty-1-4] INFO  ConnectionsHolder      - 1 connections initialized for 127.0.0.1/127.0.0.1:16379
25-02-26.20:29:07.290 [redisson-netty-1-13] INFO  ConnectionsHolder      - 5 connections initialized for 127.0.0.1/127.0.0.1:16379
25-02-26.20:29:11.560 [main            ] INFO  EndpointLinksResolver  - Exposing 1 endpoint(s) beneath base path '/actuator'
25-02-26.20:29:11.716 [main            ] INFO  CachingConnectionFactory - Attempting to connect to: [127.0.0.1:5672]
25-02-26.20:29:11.785 [main            ] INFO  CachingConnectionFactory - Created new connection: rabbitConnectionFactory#53079ae6:0/SimpleConnection@71e55e48 [delegate=amqp://admin@127.0.0.1:5672/, localPort= 57735]
25-02-26.20:29:11.896 [main            ] INFO  RaffleActivityPartakeServiceTest - Started RaffleActivityPartakeServiceTest in 8.485 seconds (JVM running for 9.465)
25-02-26.20:29:12.383 [main            ] INFO  HikariDataSource       - Retail_HikariCP - Starting...
25-02-26.20:29:12.792 [main            ] INFO  HikariDataSource       - Retail_HikariCP - Start completed.
25-02-26.20:29:13.085 [main            ] INFO  AbstractRaffleActivityPartake - 创建参与活动订单 userId:xiaofuge activityId:100301 userRaffleOrderEntity:{"activityId":100301,"activityName":"测试活动","orderId":"049508530907","orderState":"create","orderTime":1740572912000,"strategyId":100006,"userId":"xiaofuge"}
25-02-26.20:29:13.090 [main            ] INFO  RaffleActivityPartakeServiceTest - 请求参数：{"activityId":100301,"userId":"xiaofuge"}
25-02-26.20:29:13.090 [main            ] INFO  RaffleActivityPartakeServiceTest - 测试结果：{"activityId":100301,"activityName":"测试活动","orderId":"049508530907","orderState":"create","orderTime":1740572912000,"strategyId":100006,"userId":"xiaofuge"}
25-02-26.20:29:13.117 [org.springframework.amqp.rabbit.RabbitListenerEndpointContainer#0-2] INFO  SimpleMessageListenerContainer - Waiting for workers to finish.
25-02-26.20:29:13.882 [org.springframework.amqp.rabbit.RabbitListenerEndpointContainer#0-2] INFO  SimpleMessageListenerContainer - Successfully waited for workers to finish.
25-02-26.20:29:13.889 [SpringApplicationShutdownHook] INFO  SimpleMessageListenerContainer - Shutdown ignored - container is already stopped
